2018-07-01 12:38:08,670 INFO  org.springframework.web.context.ContextLoader (ContextLoader.java:285) - Root WebApplicationContext: initialization started
2018-07-01 12:38:08,981 INFO  org.springframework.context.support.AbstractApplicationContext (AbstractApplicationContext.java:510) - Refreshing Root WebApplicationContext: startup date [Sun Jul 01 12:38:08 ART 2018]; root of context hierarchy
2018-07-01 12:38:09,087 INFO  org.springframework.beans.factory.xml.XmlBeanDefinitionReader (XmlBeanDefinitionReader.java:317) - Loading XML bean definitions from URL [file:/home/jeremias/git/desapp/desapp-unq-grupo-f-012018/desapp-groupf-backend/target/classes/META-INF/spring-persistence-context.xml]
2018-07-01 12:38:09,499 INFO  org.springframework.beans.factory.xml.XmlBeanDefinitionReader (XmlBeanDefinitionReader.java:317) - Loading XML bean definitions from URL [file:/home/jeremias/git/desapp/desapp-unq-grupo-f-012018/desapp-groupf-backend/target/classes/META-INF/spring-service-context.xml]
2018-07-01 12:38:09,590 INFO  org.springframework.beans.factory.xml.XmlBeanDefinitionReader (XmlBeanDefinitionReader.java:317) - Loading XML bean definitions from URL [file:/home/jeremias/git/desapp/desapp-unq-grupo-f-012018/desapp-groupf-backend/target/classes/META-INF/spring-web-context.xml]
2018-07-01 12:38:09,674 INFO  org.springframework.beans.factory.xml.XmlBeanDefinitionReader (XmlBeanDefinitionReader.java:317) - Loading XML bean definitions from class path resource [META-INF/cxf/cxf.xml]
2018-07-01 12:38:09,710 INFO  org.springframework.beans.factory.xml.XmlBeanDefinitionReader (XmlBeanDefinitionReader.java:317) - Loading XML bean definitions from class path resource [META-INF/cxf/cxf-extension-soap.xml]
2018-07-01 12:38:09,747 INFO  org.springframework.beans.factory.xml.XmlBeanDefinitionReader (XmlBeanDefinitionReader.java:317) - Loading XML bean definitions from class path resource [META-INF/cxf/cxf-servlet.xml]
2018-07-01 12:38:10,192 INFO  org.springframework.core.io.support.PropertiesLoaderSupport (PropertiesLoaderSupport.java:172) - Loading properties file from URL [file:/home/jeremias/git/desapp/desapp-unq-grupo-f-012018/desapp-groupf-backend/target/classes/META-INF/hibernate.properties]
2018-07-01 12:38:10,193 INFO  org.springframework.core.io.support.PropertiesLoaderSupport (PropertiesLoaderSupport.java:172) - Loading properties file from URL [file:/home/jeremias/git/desapp/desapp-unq-grupo-f-012018/desapp-groupf-backend/target/classes/META-INF/jdbc.properties]
2018-07-01 12:38:11,753 INFO  org.hibernate.annotations.common.reflection.java.JavaReflectionManager (JavaReflectionManager.java:66) - HCANN000001: Hibernate Commons Annotations {4.0.5.Final}
2018-07-01 12:38:11,765 INFO  org.hibernate.Version (Version.java:54) - HHH000412: Hibernate Core {4.3.6.Final}
2018-07-01 12:38:11,768 INFO  org.hibernate.cfg.Environment (Environment.java:239) - HHH000206: hibernate.properties not found
2018-07-01 12:38:11,771 INFO  org.hibernate.cfg.Environment (Environment.java:346) - HHH000021: Bytecode provider name : javassist
2018-07-01 12:38:11,871 WARN  org.hibernate.internal.util.xml.DTDEntityResolver (DTDEntityResolver.java:75) - HHH000223: Recognized obsolete hibernate namespace http://hibernate.sourceforge.net/. Use namespace http://www.hibernate.org/dtd/ instead. Refer to Hibernate 3.6 Migration Guide!
2018-07-01 12:38:11,966 WARN  org.hibernate.internal.util.xml.DTDEntityResolver (DTDEntityResolver.java:75) - HHH000223: Recognized obsolete hibernate namespace http://hibernate.sourceforge.net/. Use namespace http://www.hibernate.org/dtd/ instead. Refer to Hibernate 3.6 Migration Guide!
2018-07-01 12:38:12,011 WARN  org.hibernate.internal.util.xml.DTDEntityResolver (DTDEntityResolver.java:75) - HHH000223: Recognized obsolete hibernate namespace http://hibernate.sourceforge.net/. Use namespace http://www.hibernate.org/dtd/ instead. Refer to Hibernate 3.6 Migration Guide!
2018-07-01 12:38:12,040 WARN  org.hibernate.internal.util.xml.DTDEntityResolver (DTDEntityResolver.java:75) - HHH000223: Recognized obsolete hibernate namespace http://hibernate.sourceforge.net/. Use namespace http://www.hibernate.org/dtd/ instead. Refer to Hibernate 3.6 Migration Guide!
2018-07-01 12:38:12,088 WARN  org.hibernate.internal.util.xml.DTDEntityResolver (DTDEntityResolver.java:75) - HHH000223: Recognized obsolete hibernate namespace http://hibernate.sourceforge.net/. Use namespace http://www.hibernate.org/dtd/ instead. Refer to Hibernate 3.6 Migration Guide!
2018-07-01 12:38:13,610 INFO  org.hibernate.dialect.Dialect (Dialect.java:145) - HHH000400: Using dialect: org.hibernate.dialect.PostgreSQLDialect
2018-07-01 12:38:13,642 INFO  org.hibernate.engine.jdbc.internal.LobCreatorBuilder (LobCreatorBuilder.java:123) - HHH000424: Disabling contextual LOB creation as createClob() method threw error : java.lang.reflect.InvocationTargetException
2018-07-01 12:38:13,878 INFO  org.hibernate.engine.transaction.internal.TransactionFactoryInitiator (TransactionFactoryInitiator.java:62) - HHH000399: Using default transaction strategy (direct JDBC transactions)
2018-07-01 12:38:13,895 INFO  org.hibernate.hql.internal.ast.ASTQueryTranslatorFactory (ASTQueryTranslatorFactory.java:47) - HHH000397: Using ASTQueryTranslatorFactory
2018-07-01 12:38:14,446 INFO  org.hibernate.tool.hbm2ddl.SchemaExport (SchemaExport.java:343) - HHH000227: Running hbm2ddl schema export
2018-07-01 12:38:14,526 ERROR org.hibernate.tool.hbm2ddl.SchemaExport (SchemaExport.java:425) - HHH000389: Unsuccessful: alter table Post drop constraint FK_3cu4u3ke419xpd0p557dtvy0h
2018-07-01 12:38:14,526 ERROR org.hibernate.tool.hbm2ddl.SchemaExport (SchemaExport.java:426) - ERROR: relation "post" does not exist
2018-07-01 12:38:14,527 ERROR org.hibernate.tool.hbm2ddl.SchemaExport (SchemaExport.java:425) - HHH000389: Unsuccessful: alter table Rent drop constraint FK_bm96fq847v3fhbu3ip6vdqqhc
2018-07-01 12:38:14,527 ERROR org.hibernate.tool.hbm2ddl.SchemaExport (SchemaExport.java:426) - ERROR: relation "rent" does not exist
2018-07-01 12:38:14,528 ERROR org.hibernate.tool.hbm2ddl.SchemaExport (SchemaExport.java:425) - HHH000389: Unsuccessful: alter table Rent drop constraint FK_94jci3rlegua6h2njir8bd4f7
2018-07-01 12:38:14,528 ERROR org.hibernate.tool.hbm2ddl.SchemaExport (SchemaExport.java:426) - ERROR: relation "rent" does not exist
2018-07-01 12:38:14,529 ERROR org.hibernate.tool.hbm2ddl.SchemaExport (SchemaExport.java:425) - HHH000389: Unsuccessful: alter table Reservation drop constraint FK_om769847dsa3btpvyu3db919x
2018-07-01 12:38:14,530 ERROR org.hibernate.tool.hbm2ddl.SchemaExport (SchemaExport.java:426) - ERROR: relation "reservation" does not exist
2018-07-01 12:38:14,531 ERROR org.hibernate.tool.hbm2ddl.SchemaExport (SchemaExport.java:425) - HHH000389: Unsuccessful: alter table Reservation drop constraint FK_gaaan5b999hk5p3fglrl3fi5a
2018-07-01 12:38:14,531 ERROR org.hibernate.tool.hbm2ddl.SchemaExport (SchemaExport.java:426) - ERROR: relation "reservation" does not exist
2018-07-01 12:38:14,531 ERROR org.hibernate.tool.hbm2ddl.SchemaExport (SchemaExport.java:425) - HHH000389: Unsuccessful: alter table Score drop constraint FK_3t8l1e15f6giw5f5tnthtqrah
2018-07-01 12:38:14,532 ERROR org.hibernate.tool.hbm2ddl.SchemaExport (SchemaExport.java:426) - ERROR: relation "score" does not exist
2018-07-01 12:38:15,496 INFO  org.hibernate.tool.hbm2ddl.SchemaExport (SchemaExport.java:405) - HHH000230: Schema export complete
2018-07-01 12:38:15,613 INFO  org.springframework.orm.hibernate4.HibernateTransactionManager (HibernateTransactionManager.java:360) - Using DataSource [org.apache.commons.dbcp.BasicDataSource@4ba380c7] of Hibernate SessionFactory for HibernateTransactionManager
2018-07-01 12:38:15,651 INFO  org.springframework.beans.factory.xml.XmlBeanDefinitionReader (XmlBeanDefinitionReader.java:317) - Loading XML bean definitions from class path resource [org/springframework/jdbc/support/sql-error-codes.xml]
2018-07-01 12:38:15,741 INFO  org.springframework.jdbc.support.SQLErrorCodesFactory (SQLErrorCodesFactory.java:126) - SQLErrorCodes loaded: [DB2, Derby, H2, HSQL, Informix, MS-SQL, MySQL, Oracle, PostgreSQL, Sybase, Hana]
2018-07-01 12:38:17,668 INFO  org.springframework.web.context.ContextLoader (ContextLoader.java:325) - Root WebApplicationContext: initialization completed in 8987 ms
2018-07-01 12:40:14,668 INFO  aspects.AuditAspect (AuditAspect.java:28) - < 2018-07-01 12:40:14.668 , service.PostService.retriveAll ,  >
2018-07-01 12:40:49,108 INFO  aspects.AuditAspect (AuditAspect.java:28) - < 2018-07-01 12:40:49.108 , service.UserService.checkMail , [Ljava.lang.Object; ,  >
2018-07-01 12:41:09,249 INFO  webservice.AuthFilter (AuthFilter.java:66) - Jeremias | Jeremias Tome | jeremias.tome1@gmail.com | es-419
2018-07-01 12:41:09,487 INFO  aspects.AuditAspect (AuditAspect.java:28) - < 2018-07-01 12:41:09.486 , service.UserService.save , [Ljava.lang.Object; ,  >
2018-07-01 12:41:09,564 INFO  aspects.AuditAspect (AuditAspect.java:28) - < 2018-07-01 12:41:09.561 , service.EmailService.welcomeMsg , [Ljava.lang.Object; ,  >
2018-07-01 12:41:13,975 INFO  aspects.AuditAspect (AuditAspect.java:28) - < 2018-07-01 12:41:13.975 , service.PostService.retriveAll ,  >
2018-07-01 12:41:20,160 INFO  aspects.AuditAspect (AuditAspect.java:28) - < 2018-07-01 12:41:20.16 , service.PostService.retriveAll ,  >
2018-07-01 12:41:20,354 INFO  webservice.AuthFilter (AuthFilter.java:66) - Jeremias | Jeremias Tome | jeremias.tome1@gmail.com | es-419
2018-07-01 12:41:20,359 INFO  aspects.AuditAspect (AuditAspect.java:28) - < 2018-07-01 12:41:20.359 , service.UserService.getByEmail , [Ljava.lang.Object; ,  >
2018-07-01 12:45:38,645 INFO  webservice.AuthFilter (AuthFilter.java:66) - Jeremias | Jeremias Tome | jeremias.tome1@gmail.com | es-419
2018-07-01 12:45:38,701 INFO  aspects.AuditAspect (AuditAspect.java:28) - < 2018-07-01 12:45:38.701 , service.UserService.getById , [Ljava.lang.Object; ,  >
2018-07-01 12:45:38,820 INFO  aspects.AuditAspect (AuditAspect.java:28) - < 2018-07-01 12:45:38.82 , service.PostService.save , [Ljava.lang.Object; ,  >
2018-07-01 12:45:39,028 INFO  aspects.AuditAspect (AuditAspect.java:28) - < 2018-07-01 12:45:39.028 , service.PostService.retriveAll ,  >
2018-07-01 12:45:43,741 INFO  aspects.AuditAspect (AuditAspect.java:28) - < 2018-07-01 12:45:43.741 , service.PostService.getById , [Ljava.lang.Object; ,  >
2018-07-01 12:45:43,810 INFO  webservice.AuthFilter (AuthFilter.java:66) - Jeremias | Jeremias Tome | jeremias.tome1@gmail.com | es-419
2018-07-01 12:45:43,811 INFO  aspects.AuditAspect (AuditAspect.java:28) - < 2018-07-01 12:45:43.811 , service.UserService.getById , [Ljava.lang.Object; ,  >
2018-07-01 12:45:50,144 INFO  aspects.AuditAspect (AuditAspect.java:28) - < 2018-07-01 12:45:50.144 , service.PostService.retriveAll ,  >
2018-07-01 12:46:06,275 INFO  aspects.AuditAspect (AuditAspect.java:28) - < 2018-07-01 12:46:06.275 , service.UserService.checkMail , [Ljava.lang.Object; ,  >
2018-07-01 12:46:22,866 INFO  webservice.AuthFilter (AuthFilter.java:66) - Jeremias | Jeremias Tome | jeremias.tome@xappia.com | en
2018-07-01 12:46:22,873 INFO  aspects.AuditAspect (AuditAspect.java:28) - < 2018-07-01 12:46:22.873 , service.UserService.save , [Ljava.lang.Object; ,  >
2018-07-01 12:46:22,875 INFO  aspects.AuditAspect (AuditAspect.java:28) - < 2018-07-01 12:46:22.875 , service.EmailService.welcomeMsg , [Ljava.lang.Object; ,  >
2018-07-01 12:46:26,166 INFO  aspects.AuditAspect (AuditAspect.java:28) - < 2018-07-01 12:46:26.166 , service.PostService.retriveAll ,  >
2018-07-01 12:46:30,848 INFO  aspects.AuditAspect (AuditAspect.java:28) - < 2018-07-01 12:46:30.848 , service.PostService.retriveAll ,  >
2018-07-01 12:46:30,943 INFO  webservice.AuthFilter (AuthFilter.java:66) - Jeremias | Jeremias Tome | jeremias.tome@xappia.com | en
2018-07-01 12:46:30,945 INFO  aspects.AuditAspect (AuditAspect.java:28) - < 2018-07-01 12:46:30.945 , service.UserService.getByEmail , [Ljava.lang.Object; ,  >
2018-07-01 12:46:40,895 INFO  aspects.AuditAspect (AuditAspect.java:28) - < 2018-07-01 12:46:40.895 , service.PostService.getById , [Ljava.lang.Object; ,  >
2018-07-01 12:46:40,958 INFO  webservice.AuthFilter (AuthFilter.java:66) - Jeremias | Jeremias Tome | jeremias.tome@xappia.com | en
2018-07-01 12:46:40,959 INFO  aspects.AuditAspect (AuditAspect.java:28) - < 2018-07-01 12:46:40.959 , service.UserService.getById , [Ljava.lang.Object; ,  >
2018-07-01 12:46:59,183 INFO  webservice.AuthFilter (AuthFilter.java:66) - Jeremias | Jeremias Tome | jeremias.tome@xappia.com | en
2018-07-01 12:46:59,185 INFO  aspects.AuditAspect (AuditAspect.java:28) - < 2018-07-01 12:46:59.185 , service.PostService.getById , [Ljava.lang.Object; ,  >
2018-07-01 12:46:59,192 INFO  aspects.AuditAspect (AuditAspect.java:28) - < 2018-07-01 12:46:59.192 , service.UserService.getByEmail , [Ljava.lang.Object; ,  >
2018-07-01 12:46:59,196 INFO  aspects.AuditAspect (AuditAspect.java:28) - < 2018-07-01 12:46:59.196 , service.ReserService.saveWithPost , [Ljava.lang.Object; , [Ljava.lang.Object; ,  >
2018-07-01 12:46:59,443 INFO  aspects.AuditAspect (AuditAspect.java:28) - < 2018-07-01 12:46:59.443 , service.PostService.retriveAll ,  >
2018-07-01 12:47:03,758 INFO  webservice.AuthFilter (AuthFilter.java:66) - Jeremias | Jeremias Tome | jeremias.tome@xappia.com | en
2018-07-01 12:47:03,760 INFO  aspects.AuditAspect (AuditAspect.java:28) - < 2018-07-01 12:47:03.76 , service.RentService.allToConfirmClient , [Ljava.lang.Object; ,  >
2018-07-01 12:47:03,760 INFO  webservice.AuthFilter (AuthFilter.java:66) - Jeremias | Jeremias Tome | jeremias.tome@xappia.com | en
2018-07-01 12:47:03,765 INFO  aspects.AuditAspect (AuditAspect.java:28) - < 2018-07-01 12:47:03.765 , service.ReserService.getAllFromCreator , [Ljava.lang.Object; ,  >
2018-07-01 12:47:03,767 INFO  webservice.AuthFilter (AuthFilter.java:66) - Jeremias | Jeremias Tome | jeremias.tome@xappia.com | en
2018-07-01 12:47:03,769 INFO  aspects.AuditAspect (AuditAspect.java:28) - < 2018-07-01 12:47:03.769 , service.RentService.allToConfirmOwner , [Ljava.lang.Object; ,  >
2018-07-01 12:47:17,967 INFO  aspects.AuditAspect (AuditAspect.java:28) - < 2018-07-01 12:47:17.967 , service.PostService.retriveAll ,  >
2018-07-01 12:47:35,564 INFO  aspects.AuditAspect (AuditAspect.java:28) - < 2018-07-01 12:47:35.564 , service.UserService.checkMail , [Ljava.lang.Object; ,  >
2018-07-01 12:47:35,636 INFO  aspects.AuditAspect (AuditAspect.java:28) - < 2018-07-01 12:47:35.636 , service.PostService.retriveAll ,  >
2018-07-01 12:47:40,502 INFO  aspects.AuditAspect (AuditAspect.java:28) - < 2018-07-01 12:47:40.502 , service.PostService.retriveAll ,  >
2018-07-01 12:47:40,608 INFO  webservice.AuthFilter (AuthFilter.java:66) - Jeremias | Jeremias Tome | jeremias.tome1@gmail.com | es-419
2018-07-01 12:47:40,617 INFO  aspects.AuditAspect (AuditAspect.java:28) - < 2018-07-01 12:47:40.616 , service.UserService.getByEmail , [Ljava.lang.Object; ,  >
2018-07-01 12:47:45,163 INFO  aspects.AuditAspect (AuditAspect.java:28) - < 2018-07-01 12:47:45.162 , service.PostService.getById , [Ljava.lang.Object; ,  >
2018-07-01 12:47:45,244 INFO  webservice.AuthFilter (AuthFilter.java:66) - Jeremias | Jeremias Tome | jeremias.tome1@gmail.com | es-419
2018-07-01 12:47:45,245 INFO  aspects.AuditAspect (AuditAspect.java:28) - < 2018-07-01 12:47:45.245 , service.UserService.getById , [Ljava.lang.Object; ,  >
2018-07-01 12:47:50,666 INFO  webservice.AuthFilter (AuthFilter.java:66) - Jeremias | Jeremias Tome | jeremias.tome1@gmail.com | es-419
2018-07-01 12:47:50,666 INFO  webservice.AuthFilter (AuthFilter.java:66) - Jeremias | Jeremias Tome | jeremias.tome1@gmail.com | es-419
2018-07-01 12:47:50,669 INFO  aspects.AuditAspect (AuditAspect.java:28) - < 2018-07-01 12:47:50.669 , service.RentService.allToConfirmClient , [Ljava.lang.Object; ,  >
2018-07-01 12:47:50,669 INFO  webservice.AuthFilter (AuthFilter.java:66) - Jeremias | Jeremias Tome | jeremias.tome1@gmail.com | es-419
2018-07-01 12:47:50,669 INFO  aspects.AuditAspect (AuditAspect.java:28) - < 2018-07-01 12:47:50.669 , service.ReserService.getAllFromCreator , [Ljava.lang.Object; ,  >
2018-07-01 12:47:50,670 INFO  aspects.AuditAspect (AuditAspect.java:28) - < 2018-07-01 12:47:50.67 , service.RentService.allToConfirmOwner , [Ljava.lang.Object; ,  >
2018-07-01 12:49:58,160 INFO  aspects.AuditAspect (AuditAspect.java:28) - < 2018-07-01 12:49:58.16 , service.PostService.retriveAll ,  >
2018-07-01 12:49:58,259 INFO  webservice.AuthFilter (AuthFilter.java:66) - Jeremias | Jeremias Tome | jeremias.tome1@gmail.com | es-419
2018-07-01 12:49:58,260 INFO  aspects.AuditAspect (AuditAspect.java:28) - < 2018-07-01 12:49:58.26 , service.UserService.getByEmail , [Ljava.lang.Object; ,  >
2018-07-01 12:50:47,524 INFO  webservice.AuthFilter (AuthFilter.java:66) - Jeremias | Jeremias Tome | jeremias.tome1@gmail.com | es-419
2018-07-01 12:50:47,527 INFO  webservice.AuthFilter (AuthFilter.java:66) - Jeremias | Jeremias Tome | jeremias.tome1@gmail.com | es-419
2018-07-01 12:50:47,528 INFO  webservice.AuthFilter (AuthFilter.java:66) - Jeremias | Jeremias Tome | jeremias.tome1@gmail.com | es-419
2018-07-01 12:50:47,530 INFO  aspects.AuditAspect (AuditAspect.java:28) - < 2018-07-01 12:50:47.53 , service.ReserService.getAllFromCreator , [Ljava.lang.Object; ,  >
2018-07-01 12:50:47,531 INFO  aspects.AuditAspect (AuditAspect.java:28) - < 2018-07-01 12:50:47.531 , service.RentService.allToConfirmOwner , [Ljava.lang.Object; ,  >
2018-07-01 12:50:47,532 INFO  aspects.AuditAspect (AuditAspect.java:28) - < 2018-07-01 12:50:47.532 , service.RentService.allToConfirmClient , [Ljava.lang.Object; ,  >
2018-07-01 12:50:49,209 INFO  webservice.AuthFilter (AuthFilter.java:66) - Jeremias | Jeremias Tome | jeremias.tome1@gmail.com | es-419
2018-07-01 12:50:49,210 INFO  aspects.AuditAspect (AuditAspect.java:28) - < 2018-07-01 12:50:49.21 , service.ReserService.getById , [Ljava.lang.Object; ,  >
2018-07-01 12:50:49,222 INFO  aspects.AuditAspect (AuditAspect.java:28) - < 2018-07-01 12:50:49.222 , service.ReserService.delete , [Ljava.lang.Object; ,  >
2018-07-01 12:50:49,302 INFO  aspects.AuditAspect (AuditAspect.java:28) - < 2018-07-01 12:50:49.301 , service.PostService.update , [Ljava.lang.Object; ,  >
2018-07-01 12:50:54,065 INFO  webservice.AuthFilter (AuthFilter.java:66) - Jeremias | Jeremias Tome | jeremias.tome1@gmail.com | es-419
2018-07-01 12:50:54,066 INFO  aspects.AuditAspect (AuditAspect.java:28) - < 2018-07-01 12:50:54.066 , service.UserService.getByEmail , [Ljava.lang.Object; ,  >
2018-07-01 12:50:54,115 INFO  webservice.AuthFilter (AuthFilter.java:66) - Jeremias | Jeremias Tome | jeremias.tome1@gmail.com | es-419
2018-07-01 12:50:54,116 INFO  aspects.AuditAspect (AuditAspect.java:28) - < 2018-07-01 12:50:54.116 , service.RentService.allToConfirmClient , [Ljava.lang.Object; ,  >
2018-07-01 12:50:54,141 INFO  webservice.AuthFilter (AuthFilter.java:66) - Jeremias | Jeremias Tome | jeremias.tome1@gmail.com | es-419
2018-07-01 12:50:54,143 INFO  aspects.AuditAspect (AuditAspect.java:28) - < 2018-07-01 12:50:54.143 , service.ReserService.getAllFromCreator , [Ljava.lang.Object; ,  >
2018-07-01 12:50:54,145 INFO  webservice.AuthFilter (AuthFilter.java:66) - Jeremias | Jeremias Tome | jeremias.tome1@gmail.com | es-419
2018-07-01 12:50:54,146 INFO  aspects.AuditAspect (AuditAspect.java:28) - < 2018-07-01 12:50:54.146 , service.RentService.allToConfirmOwner , [Ljava.lang.Object; ,  >
2018-07-01 12:51:03,696 INFO  aspects.AuditAspect (AuditAspect.java:28) - < 2018-07-01 12:51:03.696 , service.PostService.retriveAll ,  >
2018-07-01 12:51:55,904 INFO  aspects.AuditAspect (AuditAspect.java:28) - < 2018-07-01 12:51:55.904 , service.UserService.checkMail , [Ljava.lang.Object; ,  >
2018-07-01 12:51:55,983 INFO  aspects.AuditAspect (AuditAspect.java:28) - < 2018-07-01 12:51:55.983 , service.PostService.retriveAll ,  >
2018-07-01 12:52:01,114 INFO  aspects.AuditAspect (AuditAspect.java:28) - < 2018-07-01 12:52:01.114 , service.PostService.retriveAll ,  >
2018-07-01 12:52:01,279 INFO  webservice.AuthFilter (AuthFilter.java:66) - Jeremias | Jeremias Tome | jeremias.tome@xappia.com | en
2018-07-01 12:52:01,280 INFO  aspects.AuditAspect (AuditAspect.java:28) - < 2018-07-01 12:52:01.28 , service.UserService.getByEmail , [Ljava.lang.Object; ,  >
2018-07-01 12:52:05,023 INFO  aspects.AuditAspect (AuditAspect.java:28) - < 2018-07-01 12:52:05.023 , service.PostService.getById , [Ljava.lang.Object; ,  >
2018-07-01 12:52:05,092 INFO  webservice.AuthFilter (AuthFilter.java:66) - Jeremias | Jeremias Tome | jeremias.tome@xappia.com | en
2018-07-01 12:52:05,093 INFO  aspects.AuditAspect (AuditAspect.java:28) - < 2018-07-01 12:52:05.093 , service.UserService.getById , [Ljava.lang.Object; ,  >
2018-07-01 12:52:19,413 INFO  webservice.AuthFilter (AuthFilter.java:66) - Jeremias | Jeremias Tome | jeremias.tome@xappia.com | en
2018-07-01 12:52:19,416 INFO  aspects.AuditAspect (AuditAspect.java:28) - < 2018-07-01 12:52:19.416 , service.PostService.getById , [Ljava.lang.Object; ,  >
2018-07-01 12:52:19,430 INFO  aspects.AuditAspect (AuditAspect.java:28) - < 2018-07-01 12:52:19.429 , service.UserService.getByEmail , [Ljava.lang.Object; ,  >
2018-07-01 12:52:19,440 INFO  aspects.AuditAspect (AuditAspect.java:28) - < 2018-07-01 12:52:19.44 , service.ReserService.saveWithPost , [Ljava.lang.Object; , [Ljava.lang.Object; ,  >
2018-07-01 12:52:19,523 INFO  aspects.AuditAspect (AuditAspect.java:28) - < 2018-07-01 12:52:19.523 , service.PostService.retriveAll ,  >
2018-07-01 12:52:29,006 INFO  aspects.AuditAspect (AuditAspect.java:28) - < 2018-07-01 12:52:29.006 , service.PostService.getById , [Ljava.lang.Object; ,  >
2018-07-01 12:52:29,060 INFO  webservice.AuthFilter (AuthFilter.java:66) - Jeremias | Jeremias Tome | jeremias.tome@xappia.com | en
2018-07-01 12:52:29,063 INFO  aspects.AuditAspect (AuditAspect.java:28) - < 2018-07-01 12:52:29.063 , service.UserService.getById , [Ljava.lang.Object; ,  >
2018-07-01 12:52:34,509 INFO  aspects.AuditAspect (AuditAspect.java:28) - < 2018-07-01 12:52:34.509 , service.PostService.getById , [Ljava.lang.Object; ,  >
2018-07-01 12:52:34,558 INFO  webservice.AuthFilter (AuthFilter.java:66) - Jeremias | Jeremias Tome | jeremias.tome@xappia.com | en
2018-07-01 12:52:34,559 INFO  aspects.AuditAspect (AuditAspect.java:28) - < 2018-07-01 12:52:34.559 , service.UserService.getById , [Ljava.lang.Object; ,  >
2018-07-01 12:52:37,659 INFO  webservice.AuthFilter (AuthFilter.java:66) - Jeremias | Jeremias Tome | jeremias.tome@xappia.com | en
2018-07-01 12:52:37,660 INFO  aspects.AuditAspect (AuditAspect.java:28) - < 2018-07-01 12:52:37.66 , service.ReserService.getAllFromCreator , [Ljava.lang.Object; ,  >
2018-07-01 12:52:37,671 INFO  webservice.AuthFilter (AuthFilter.java:66) - Jeremias | Jeremias Tome | jeremias.tome@xappia.com | en
2018-07-01 12:52:37,672 INFO  aspects.AuditAspect (AuditAspect.java:28) - < 2018-07-01 12:52:37.672 , service.RentService.allToConfirmOwner , [Ljava.lang.Object; ,  >
2018-07-01 12:52:37,689 INFO  webservice.AuthFilter (AuthFilter.java:66) - Jeremias | Jeremias Tome | jeremias.tome@xappia.com | en
2018-07-01 12:52:37,702 INFO  aspects.AuditAspect (AuditAspect.java:28) - < 2018-07-01 12:52:37.702 , service.RentService.allToConfirmClient , [Ljava.lang.Object; ,  >
2018-07-01 12:52:55,382 INFO  aspects.AuditAspect (AuditAspect.java:28) - < 2018-07-01 12:52:55.382 , service.PostService.retriveAll ,  >
2018-07-01 12:53:06,718 INFO  aspects.AuditAspect (AuditAspect.java:28) - < 2018-07-01 12:53:06.718 , service.UserService.checkMail , [Ljava.lang.Object; ,  >
2018-07-01 12:53:06,774 INFO  aspects.AuditAspect (AuditAspect.java:28) - < 2018-07-01 12:53:06.774 , service.PostService.retriveAll ,  >
2018-07-01 12:53:11,613 INFO  aspects.AuditAspect (AuditAspect.java:28) - < 2018-07-01 12:53:11.613 , service.PostService.retriveAll ,  >
2018-07-01 12:53:11,721 INFO  webservice.AuthFilter (AuthFilter.java:66) - Jeremias | Jeremias Tome | jeremias.tome1@gmail.com | es-419
2018-07-01 12:53:11,722 INFO  aspects.AuditAspect (AuditAspect.java:28) - < 2018-07-01 12:53:11.722 , service.UserService.getByEmail , [Ljava.lang.Object; ,  >
2018-07-01 12:53:27,147 INFO  aspects.AuditAspect (AuditAspect.java:28) - < 2018-07-01 12:53:27.147 , service.PostService.getById , [Ljava.lang.Object; ,  >
2018-07-01 12:53:27,213 INFO  webservice.AuthFilter (AuthFilter.java:66) - Jeremias | Jeremias Tome | jeremias.tome1@gmail.com | es-419
2018-07-01 12:53:27,214 INFO  aspects.AuditAspect (AuditAspect.java:28) - < 2018-07-01 12:53:27.214 , service.UserService.getById , [Ljava.lang.Object; ,  >
2018-07-01 12:53:30,742 INFO  webservice.AuthFilter (AuthFilter.java:66) - Jeremias | Jeremias Tome | jeremias.tome1@gmail.com | es-419
2018-07-01 12:53:30,743 INFO  aspects.AuditAspect (AuditAspect.java:28) - < 2018-07-01 12:53:30.743 , service.ReserService.getAllFromCreator , [Ljava.lang.Object; ,  >
2018-07-01 12:53:30,744 INFO  webservice.AuthFilter (AuthFilter.java:66) - Jeremias | Jeremias Tome | jeremias.tome1@gmail.com | es-419
2018-07-01 12:53:30,745 INFO  aspects.AuditAspect (AuditAspect.java:28) - < 2018-07-01 12:53:30.745 , service.RentService.allToConfirmClient , [Ljava.lang.Object; ,  >
2018-07-01 12:53:30,758 INFO  webservice.AuthFilter (AuthFilter.java:66) - Jeremias | Jeremias Tome | jeremias.tome1@gmail.com | es-419
2018-07-01 12:53:30,759 INFO  aspects.AuditAspect (AuditAspect.java:28) - < 2018-07-01 12:53:30.759 , service.RentService.allToConfirmOwner , [Ljava.lang.Object; ,  >
2018-07-01 12:53:36,683 INFO  webservice.AuthFilter (AuthFilter.java:66) - Jeremias | Jeremias Tome | jeremias.tome1@gmail.com | es-419
2018-07-01 12:53:36,687 INFO  aspects.AuditAspect (AuditAspect.java:28) - < 2018-07-01 12:53:36.687 , service.RentService.newRent , [Ljava.lang.Object; ,  >
2018-07-01 12:53:36,845 INFO  aspects.AuditAspect (AuditAspect.java:28) - < 2018-07-01 12:53:36.845 , service.ReserService.delete , [Ljava.lang.Object; ,  >
2018-07-01 12:53:36,894 INFO  aspects.AuditAspect (AuditAspect.java:28) - < 2018-07-01 12:53:36.894 , service.PostService.update , [Ljava.lang.Object; ,  >
2018-07-01 12:53:41,876 INFO  webservice.AuthFilter (AuthFilter.java:66) - Jeremias | Jeremias Tome | jeremias.tome1@gmail.com | es-419
2018-07-01 12:53:41,878 INFO  aspects.AuditAspect (AuditAspect.java:28) - < 2018-07-01 12:53:41.878 , service.UserService.getByEmail , [Ljava.lang.Object; ,  >
2018-07-01 12:53:41,885 INFO  webservice.AuthFilter (AuthFilter.java:66) - Jeremias | Jeremias Tome | jeremias.tome1@gmail.com | es-419
2018-07-01 12:53:41,887 INFO  aspects.AuditAspect (AuditAspect.java:28) - < 2018-07-01 12:53:41.887 , service.ReserService.getAllFromCreator , [Ljava.lang.Object; ,  >
2018-07-01 12:53:41,889 INFO  webservice.AuthFilter (AuthFilter.java:66) - Jeremias | Jeremias Tome | jeremias.tome1@gmail.com | es-419
2018-07-01 12:53:41,890 INFO  aspects.AuditAspect (AuditAspect.java:28) - < 2018-07-01 12:53:41.89 , service.RentService.allToConfirmClient , [Ljava.lang.Object; ,  >
2018-07-01 12:53:41,940 INFO  webservice.AuthFilter (AuthFilter.java:66) - Jeremias | Jeremias Tome | jeremias.tome1@gmail.com | es-419
2018-07-01 12:53:41,942 INFO  aspects.AuditAspect (AuditAspect.java:28) - < 2018-07-01 12:53:41.941 , service.RentService.allToConfirmOwner , [Ljava.lang.Object; ,  >
2018-07-01 12:54:15,039 INFO  webservice.AuthFilter (AuthFilter.java:66) - Jeremias | Jeremias Tome | jeremias.tome1@gmail.com | es-419
2018-07-01 12:54:15,042 INFO  aspects.AuditAspect (AuditAspect.java:28) - < 2018-07-01 12:54:15.042 , service.UserService.getByEmail , [Ljava.lang.Object; ,  >
2018-07-01 12:54:15,046 INFO  aspects.AuditAspect (AuditAspect.java:28) - < 2018-07-01 12:54:15.046 , service.RentService.confirmPickUp , [Ljava.lang.Object; , [Ljava.lang.Object; ,  >
2018-07-01 12:54:46,521 INFO  webservice.AuthFilter (AuthFilter.java:66) - Jeremias | Jeremias Tome | jeremias.tome1@gmail.com | es-419
2018-07-01 12:54:47,573 INFO  aspects.AuditAspect (AuditAspect.java:28) - < 2018-07-01 12:54:47.573 , service.UserService.getByEmail , [Ljava.lang.Object; ,  >
2018-07-01 12:54:47,577 INFO  aspects.AuditAspect (AuditAspect.java:28) - < 2018-07-01 12:54:47.577 , service.RentService.confirmPickUp , [Ljava.lang.Object; , [Ljava.lang.Object; ,  >
2018-07-01 12:55:40,777 INFO  webservice.AuthFilter (AuthFilter.java:66) - Jeremias | Jeremias Tome | jeremias.tome1@gmail.com | es-419
2018-07-01 12:55:41,038 INFO  aspects.AuditAspect (AuditAspect.java:28) - < 2018-07-01 12:55:41.038 , service.UserService.getByEmail , [Ljava.lang.Object; ,  >
2018-07-01 12:55:41,107 INFO  aspects.AuditAspect (AuditAspect.java:28) - < 2018-07-01 12:55:41.107 , service.RentService.confirmPickUp , [Ljava.lang.Object; , [Ljava.lang.Object; ,  >
2018-07-01 13:08:33,439 INFO  org.springframework.context.support.AbstractApplicationContext (AbstractApplicationContext.java:862) - Closing Root WebApplicationContext: startup date [Sun Jul 01 12:38:08 ART 2018]; root of context hierarchy
2018-07-01 13:08:33,496 INFO  org.hibernate.tool.hbm2ddl.SchemaExport (SchemaExport.java:343) - HHH000227: Running hbm2ddl schema export
2018-07-01 13:08:35,158 INFO  org.hibernate.tool.hbm2ddl.SchemaExport (SchemaExport.java:405) - HHH000230: Schema export complete
